0 info it worked if it ends with ok
1 verbose cli [ '/usr/bin/nodejs',
1 verbose cli   '/usr/bin/npm',
1 verbose cli   'install',
1 verbose cli   '-g',
1 verbose cli   '@mspnp/azure-building-blocks' ]
2 info using npm@1.3.10
3 info using node@v0.10.25
4 verbose cache add [ '@mspnp/azure-building-blocks', null ]
5 verbose cache add name=undefined spec="@mspnp/azure-building-blocks" args=["@mspnp/azure-building-blocks",null]
6 verbose parsed url { protocol: null,
6 verbose parsed url   slashes: null,
6 verbose parsed url   auth: null,
6 verbose parsed url   host: null,
6 verbose parsed url   port: null,
6 verbose parsed url   hostname: null,
6 verbose parsed url   hash: null,
6 verbose parsed url   search: null,
6 verbose parsed url   query: null,
6 verbose parsed url   pathname: '@mspnp/azure-building-blocks',
6 verbose parsed url   path: '@mspnp/azure-building-blocks',
6 verbose parsed url   href: '@mspnp/azure-building-blocks' }
7 verbose cache add name="" spec="mspnp/azure-building-blocks" args=["","mspnp/azure-building-blocks"]
8 verbose parsed url { protocol: null,
8 verbose parsed url   slashes: null,
8 verbose parsed url   auth: null,
8 verbose parsed url   host: null,
8 verbose parsed url   port: null,
8 verbose parsed url   hostname: null,
8 verbose parsed url   hash: null,
8 verbose parsed url   search: null,
8 verbose parsed url   query: null,
8 verbose parsed url   pathname: 'mspnp/azure-building-blocks',
8 verbose parsed url   path: 'mspnp/azure-building-blocks',
8 verbose parsed url   href: 'mspnp/azure-building-blocks' }
9 silly lockFile 7f8e9650-mspnp-azure-building-blocks mspnp/azure-building-blocks
10 verbose lock mspnp/azure-building-blocks /home/jose/.npm/7f8e9650-mspnp-azure-building-blocks.lock
11 info maybeGithub Attempting mspnp/azure-building-blocks from git://github.com/mspnp/azure-building-blocks
12 silly lockFile 5c581f36--com-mspnp-azure-building-blocks git://github.com/mspnp/azure-building-blocks
13 verbose lock git://github.com/mspnp/azure-building-blocks /home/jose/.npm/5c581f36--com-mspnp-azure-building-blocks.lock
14 verbose addRemoteGit [ 'git://github.com/mspnp/azure-building-blocks', 'master' ]
15 verbose git clone git://github.com/mspnp/azure-building-blocks Cloning into bare repository '/home/jose/.npm/_git-remotes/git-github-com-mspnp-azure-building-blocks-5c581f36'...
15 verbose git clone git://github.com/mspnp/azure-building-blocks fatal: remote error:
15 verbose git clone git://github.com/mspnp/azure-building-blocks   Repository not found.
16 silly lockFile 5c581f36--com-mspnp-azure-building-blocks git://github.com/mspnp/azure-building-blocks
17 silly lockFile 5c581f36--com-mspnp-azure-building-blocks git://github.com/mspnp/azure-building-blocks
18 info maybeGithub Attempting mspnp/azure-building-blocks from git+ssh://git@github.com:mspnp/azure-building-blocks
19 silly lockFile c84d48b7--com-mspnp-azure-building-blocks git+ssh://git@github.com:mspnp/azure-building-blocks
20 verbose lock git+ssh://git@github.com:mspnp/azure-building-blocks /home/jose/.npm/c84d48b7--com-mspnp-azure-building-blocks.lock
21 verbose addRemoteGit [ 'git@github.com:mspnp/azure-building-blocks', 'master' ]
22 error git clone git@github.com:mspnp/azure-building-blocks Cloning into bare repository '/home/jose/.npm/_git-remotes/git-github-com-mspnp-azure-building-blocks-e06199f4'...
22 error git clone git@github.com:mspnp/azure-building-blocks Warning: Permanently added 'github.com,192.30.253.113' (RSA) to the list of known hosts.
22 error git clone git@github.com:mspnp/azure-building-blocks Permission denied (publickey).
22 error git clone git@github.com:mspnp/azure-building-blocks fatal: Could not read from remote repository.
22 error git clone git@github.com:mspnp/azure-building-blocks
22 error git clone git@github.com:mspnp/azure-building-blocks Please make sure you have the correct access rights
22 error git clone git@github.com:mspnp/azure-building-blocks and the repository exists.
23 silly lockFile e06199f4--com-mspnp-azure-building-blocks git@github.com:mspnp/azure-building-blocks
24 silly lockFile 7f8e9650-mspnp-azure-building-blocks mspnp/azure-building-blocks
25 silly lockFile 7f8e9650-mspnp-azure-building-blocks mspnp/azure-building-blocks
26 error addLocal Could not install mspnp/azure-building-blocks
27 error Error: ENOENT, stat 'mspnp/azure-building-blocks'
28 error If you need help, you may report this log at:
28 error     <http://github.com/isaacs/npm/issues>
28 error or email it to:
28 error     <npm-@googlegroups.com>
29 error System Linux 4.4.0-43-Microsoft
30 error command "/usr/bin/nodejs" "/usr/bin/npm" "install" "-g" "@mspnp/azure-building-blocks"
31 error cwd /mnt/c/Users/jomore/OneDrive - Microsoft/Github/IaC-Test
32 error node -v v0.10.25
33 error npm -v 1.3.10
34 error path mspnp/azure-building-blocks
35 error code ENOENT
36 error errno 34
37 verbose exit [ 34, true ]
